============================== DATA/EXAMPLE-TPTK-ATTACK.PCAPNG ==============================
Successfully read 285 packets from data/example-tptk-attack.pcapng
No.: 1
Time: 1507043001.241762
Protocol: 802.11
Subtype: Beacon
Src: 02:00:00:00:00:00
Dst: ff:ff:ff:ff:ff:ff


No.: 2
Time: 1507043001.344404
Protocol: 802.11
Subtype: Beacon
Src: 02:00:00:00:00:00
Dst: ff:ff:ff:ff:ff:ff


No.: 3
Time: 1507043001.447092
Protocol: 802.11
Subtype: Beacon
Src: 02:00:00:00:00:00
Dst: ff:ff:ff:ff:ff:ff


No.: 4
Time: 1507043001.548985
Protocol: 802.11
Subtype: Beacon
Src: 02:00:00:00:00:00
Dst: ff:ff:ff:ff:ff:ff


No.: 5
Time: 1507043001.651232
Protocol: 802.11
Subtype: Beacon
Src: 02:00:00:00:00:00
Dst: ff:ff:ff:ff:ff:ff


No.: 6
Time: 1507043001.753692
Protocol: 802.11
Subtype: Beacon
Src: 02:00:00:00:00:00
Dst: ff:ff:ff:ff:ff:ff


No.: 7
Time: 1507043001.856056
Protocol: 802.11
Subtype: Beacon
Src: 02:00:00:00:00:00
Dst: ff:ff:ff:ff:ff:ff


No.: 8
Time: 1507043001.958462
Protocol: 802.11
Subtype: Beacon
Src: 02:00:00:00:00:00
Dst: ff:ff:ff:ff:ff:ff


No.: 9
Time: 1507043002.061233
Protocol: 802.11
Subtype: Beacon
Src: 02:00:00:00:00:00
Dst: ff:ff:ff:ff:ff:ff


No.: 10
Time: 1507043002.16342
Protocol: 802.11
Subtype: Beacon
Src: 02:00:00:00:00:00
Dst: ff:ff:ff:ff:ff:ff


No.: 11
Time: 1507043002.265733
Protocol: 802.11
Subtype: Beacon
Src: 02:00:00:00:00:00
Dst: ff:ff:ff:ff:ff:ff


No.: 12
Time: 1507043002.368193
Protocol: 802.11
Subtype: Beacon
Src: 02:00:00:00:00:00
Dst: ff:ff:ff:ff:ff:ff


No.: 13
Time: 1507043002.470591
Protocol: 802.11
Subtype: Beacon
Src: 02:00:00:00:00:00
Dst: ff:ff:ff:ff:ff:ff


No.: 14
Time: 1507043002.573102
Protocol: 802.11
Subtype: Beacon
Src: 02:00:00:00:00:00
Dst: ff:ff:ff:ff:ff:ff


No.: 15
Time: 1507043002.675572
Protocol: 802.11
Subtype: Beacon
Src: 02:00:00:00:00:00
Dst: ff:ff:ff:ff:ff:ff


No.: 16
Time: 1507043002.777708
Protocol: 802.11
Subtype: Beacon
Src: 02:00:00:00:00:00
Dst: ff:ff:ff:ff:ff:ff


No.: 17
Time: 1507043002.880225
Protocol: 802.11
Subtype: Beacon
Src: 02:00:00:00:00:00
Dst: ff:ff:ff:ff:ff:ff


No.: 18
Time: 1507043002.982613
Protocol: 802.11
Subtype: Beacon
Src: 02:00:00:00:00:00
Dst: ff:ff:ff:ff:ff:ff


No.: 19
Time: 1507043003.085039
Protocol: 802.11
Subtype: Beacon
Src: 02:00:00:00:00:00
Dst: ff:ff:ff:ff:ff:ff


No.: 20
Time: 1507043003.187389
Protocol: 802.11
Subtype: Beacon
Src: 02:00:00:00:00:00
Dst: ff:ff:ff:ff:ff:ff


No.: 21
Time: 1507043003.289913
Protocol: 802.11
Subtype: Beacon
Src: 02:00:00:00:00:00
Dst: ff:ff:ff:ff:ff:ff


No.: 22
Time: 1507043003.39229
Protocol: 802.11
Subtype: Beacon
Src: 02:00:00:00:00:00
Dst: ff:ff:ff:ff:ff:ff


No.: 23
Time: 1507043003.494502
Protocol: 802.11
Subtype: Beacon
Src: 02:00:00:00:00:00
Dst: ff:ff:ff:ff:ff:ff


No.: 24
Time: 1507043003.572612
Protocol: 802.11
Subtype: Probe Request
Seq. No.: 243
Src: 02:00:00:00:01:00
Dst: ff:ff:ff:ff:ff:ff


No.: 25
Time: 1507043003.572636
Protocol: 802.11
Subtype: Probe Request
Seq. No.: 244
Src: 02:00:00:00:01:00
Dst: ff:ff:ff:ff:ff:ff


No.: 26
Time: 1507043003.572722
Protocol: 802.11
Subtype: Probe Response
Seq. No.: 46
Src: 02:00:00:00:00:00
Dst: 02:00:00:00:01:00


No.: 27
Time: 1507043003.572723
Protocol: 802.11
Subtype: Action
Dst: 02:00:00:00:00:00


No.: 28
Time: 1507043003.572777
Protocol: 802.11
Subtype: Probe Response
Seq. No.: 47
Src: 02:00:00:00:00:00
Dst: 02:00:00:00:01:00


No.: 29
Time: 1507043003.572778
Protocol: 802.11
Subtype: Action
Dst: 02:00:00:00:00:00


No.: 30
Time: 1507043003.601099
Protocol: 802.11
Subtype: Beacon
Src: 02:00:00:00:00:00
Dst: ff:ff:ff:ff:ff:ff


No.: 31
Time: 1507043003.628598
Protocol: 802.11
Subtype: Probe Request
Seq. No.: 245
Src: 02:00:00:00:01:00
Dst: ff:ff:ff:ff:ff:ff


No.: 32
Time: 1507043003.628609
Protocol: 802.11
Subtype: Probe Request
Seq. No.: 246
Src: 02:00:00:00:01:00
Dst: ff:ff:ff:ff:ff:ff


No.: 33
Time: 1507043003.687113
Protocol: 802.11
Subtype: Probe Request
Seq. No.: 247
Src: 02:00:00:00:01:00
Dst: ff:ff:ff:ff:ff:ff


No.: 34
Time: 1507043003.687171
Protocol: 802.11
Subtype: Probe Request
Seq. No.: 248
Src: 02:00:00:00:01:00
Dst: ff:ff:ff:ff:ff:ff


No.: 35
Time: 1507043003.699684
Protocol: 802.11
Subtype: Beacon
Src: 02:00:00:00:00:00
Dst: ff:ff:ff:ff:ff:ff


No.: 36
Time: 1507043003.740816
Protocol: 802.11
Subtype: Probe Request
Seq. No.: 249
Src: 02:00:00:00:01:00
Dst: ff:ff:ff:ff:ff:ff


No.: 37
Time: 1507043003.740841
Protocol: 802.11
Subtype: Probe Request
Seq. No.: 250
Src: 02:00:00:00:01:00
Dst: ff:ff:ff:ff:ff:ff


No.: 38
Time: 1507043003.796602
Protocol: 802.11
Subtype: Probe Request
Seq. No.: 251
Src: 02:00:00:00:01:00
Dst: ff:ff:ff:ff:ff:ff


No.: 39
Time: 1507043003.79661
Protocol: 802.11
Subtype: Probe Request
Seq. No.: 252
Src: 02:00:00:00:01:00
Dst: ff:ff:ff:ff:ff:ff


No.: 40
Time: 1507043003.802129
Protocol: 802.11
Subtype: Beacon
Src: 02:00:00:00:00:00
Dst: ff:ff:ff:ff:ff:ff


No.: 41
Time: 1507043003.852713
Protocol: 802.11
Subtype: Probe Request
Seq. No.: 253
Src: 02:00:00:00:01:00
Dst: ff:ff:ff:ff:ff:ff


No.: 42
Time: 1507043003.852733
Protocol: 802.11
Subtype: Probe Request
Seq. No.: 254
Src: 02:00:00:00:01:00
Dst: ff:ff:ff:ff:ff:ff


No.: 43
Time: 1507043003.90746
Protocol: 802.11
Subtype: Beacon
Src: 02:00:00:00:00:00
Dst: ff:ff:ff:ff:ff:ff


No.: 44
Time: 1507043003.909548
Protocol: 802.11
Subtype: Probe Request
Seq. No.: 255
Src: 02:00:00:00:01:00
Dst: ff:ff:ff:ff:ff:ff


No.: 45
Time: 1507043003.909568
Protocol: 802.11
Subtype: Probe Request
Seq. No.: 256
Src: 02:00:00:00:01:00
Dst: ff:ff:ff:ff:ff:ff


No.: 46
Time: 1507043003.967414
Protocol: 802.11
Subtype: Probe Request
Seq. No.: 257
Src: 02:00:00:00:01:00
Dst: ff:ff:ff:ff:ff:ff


No.: 47
Time: 1507043003.967434
Protocol: 802.11
Subtype: Probe Request
Seq. No.: 258
Src: 02:00:00:00:01:00
Dst: ff:ff:ff:ff:ff:ff


No.: 48
Time: 1507043004.006566
Protocol: 802.11
Subtype: Beacon
Src: 02:00:00:00:00:00
Dst: ff:ff:ff:ff:ff:ff


No.: 49
Time: 1507043004.020707
Protocol: 802.11
Subtype: Probe Request
Seq. No.: 259
Src: 02:00:00:00:01:00
Dst: ff:ff:ff:ff:ff:ff


No.: 50
Time: 1507043004.020728
Protocol: 802.11
Subtype: Probe Request
Seq. No.: 260
Src: 02:00:00:00:01:00
Dst: ff:ff:ff:ff:ff:ff


No.: 51
Time: 1507043004.076808
Protocol: 802.11
Subtype: Probe Request
Seq. No.: 261
Src: 02:00:00:00:01:00
Dst: ff:ff:ff:ff:ff:ff


No.: 52
Time: 1507043004.07684
Protocol: 802.11
Subtype: Probe Request
Seq. No.: 262
Src: 02:00:00:00:01:00
Dst: ff:ff:ff:ff:ff:ff


No.: 53
Time: 1507043004.109376
Protocol: 802.11
Subtype: Beacon
Src: 02:00:00:00:00:00
Dst: ff:ff:ff:ff:ff:ff


No.: 54
Time: 1507043004.134703
Protocol: 802.11
Subtype: Probe Request
Seq. No.: 263
Src: 02:00:00:00:01:00
Dst: ff:ff:ff:ff:ff:ff


No.: 55
Time: 1507043004.134733
Protocol: 802.11
Subtype: Probe Request
Seq. No.: 264
Src: 02:00:00:00:01:00
Dst: ff:ff:ff:ff:ff:ff


No.: 56
Time: 1507043004.211233
Protocol: 802.11
Subtype: Beacon
Src: 02:00:00:00:00:00
Dst: ff:ff:ff:ff:ff:ff


No.: 57
Time: 1507043004.313682
Protocol: 802.11
Subtype: Beacon
Src: 02:00:00:00:00:00
Dst: ff:ff:ff:ff:ff:ff


No.: 58
Time: 1507043004.416313
Protocol: 802.11
Subtype: Beacon
Src: 02:00:00:00:00:00
Dst: ff:ff:ff:ff:ff:ff


No.: 59
Time: 1507043004.518452
Protocol: 802.11
Subtype: Beacon
Src: 02:00:00:00:00:00
Dst: ff:ff:ff:ff:ff:ff


No.: 60
Time: 1507043004.622629
Protocol: 802.11
Subtype: Beacon
Src: 02:00:00:00:00:00
Dst: ff:ff:ff:ff:ff:ff


No.: 61
Time: 1507043004.723272
Protocol: 802.11
Subtype: Beacon
Src: 02:00:00:00:00:00
Dst: ff:ff:ff:ff:ff:ff


No.: 62
Time: 1507043004.825825
Protocol: 802.11
Subtype: Beacon
Src: 02:00:00:00:00:00
Dst: ff:ff:ff:ff:ff:ff


No.: 63
Time: 1507043004.928107
Protocol: 802.11
Subtype: Beacon
Src: 02:00:00:00:00:00
Dst: ff:ff:ff:ff:ff:ff


No.: 64
Time: 1507043005.03198
Protocol: 802.11
Subtype: Beacon
Src: 02:00:00:00:00:00
Dst: ff:ff:ff:ff:ff:ff


No.: 65
Time: 1507043005.134508
Protocol: 802.11
Subtype: Beacon
Src: 02:00:00:00:00:00
Dst: ff:ff:ff:ff:ff:ff


No.: 66
Time: 1507043005.235648
Protocol: 802.11
Subtype: Beacon
Src: 02:00:00:00:00:00
Dst: ff:ff:ff:ff:ff:ff


No.: 67
Time: 1507043005.337734
Protocol: 802.11
Subtype: Beacon
Src: 02:00:00:00:00:00
Dst: ff:ff:ff:ff:ff:ff


No.: 68
Time: 1507043005.440246
Protocol: 802.11
Subtype: Beacon
Src: 02:00:00:00:00:00
Dst: ff:ff:ff:ff:ff:ff


No.: 69
Time: 1507043005.545008
Protocol: 802.11
Subtype: Beacon
Src: 02:00:00:00:00:00
Dst: ff:ff:ff:ff:ff:ff


No.: 70
Time: 1507043005.644889
Protocol: 802.11
Subtype: Beacon
Src: 02:00:00:00:00:00
Dst: ff:ff:ff:ff:ff:ff


No.: 71
Time: 1507043005.748869
Protocol: 802.11
Subtype: Beacon
Src: 02:00:00:00:00:00
Dst: ff:ff:ff:ff:ff:ff


No.: 72
Time: 1507043005.850986
Protocol: 802.11
Subtype: Beacon
Src: 02:00:00:00:00:00
Dst: ff:ff:ff:ff:ff:ff


No.: 73
Time: 1507043005.952549
Protocol: 802.11
Subtype: Beacon
Src: 02:00:00:00:00:00
Dst: ff:ff:ff:ff:ff:ff


No.: 74
Time: 1507043006.054641
Protocol: 802.11
Subtype: Beacon
Src: 02:00:00:00:00:00
Dst: ff:ff:ff:ff:ff:ff


No.: 75
Time: 1507043006.156935
Protocol: 802.11
Subtype: Beacon
Src: 02:00:00:00:00:00
Dst: ff:ff:ff:ff:ff:ff


No.: 76
Time: 1507043006.259707
Protocol: 802.11
Subtype: Beacon
Src: 02:00:00:00:00:00
Dst: ff:ff:ff:ff:ff:ff


No.: 77
Time: 1507043006.363859
Protocol: 802.11
Subtype: Beacon
Src: 02:00:00:00:00:00
Dst: ff:ff:ff:ff:ff:ff


No.: 78
Time: 1507043006.465404
Protocol: 802.11
Subtype: Beacon
Src: 02:00:00:00:00:00
Dst: ff:ff:ff:ff:ff:ff


No.: 79
Time: 1507043006.566735
Protocol: 802.11
Subtype: Beacon
Src: 02:00:00:00:00:00
Dst: ff:ff:ff:ff:ff:ff


No.: 80
Time: 1507043006.673714
Protocol: 802.11
Subtype: Beacon
Src: 02:00:00:00:00:00
Dst: ff:ff:ff:ff:ff:ff


No.: 81
Time: 1507043006.771309
Protocol: 802.11
Subtype: Beacon
Src: 02:00:00:00:00:00
Dst: ff:ff:ff:ff:ff:ff


No.: 82
Time: 1507043006.87544
Protocol: 802.11
Subtype: Beacon
Src: 02:00:00:00:00:00
Dst: ff:ff:ff:ff:ff:ff


No.: 83
Time: 1507043006.976909
Protocol: 802.11
Subtype: Beacon
Src: 02:00:00:00:00:00
Dst: ff:ff:ff:ff:ff:ff


No.: 84
Time: 1507043007.078433
Protocol: 802.11
Subtype: Beacon
Src: 02:00:00:00:00:00
Dst: ff:ff:ff:ff:ff:ff


No.: 85
Time: 1507043007.078803
Protocol: 802.11
Subtype: Authentication
Seq. No.: 265
Src: 02:00:00:00:01:00
Dst: 02:00:00:00:00:00


No.: 86
Time: 1507043007.078808
Protocol: 802.11
Subtype: Action
Dst: 02:00:00:00:01:00


No.: 87
Time: 1507043007.080049
Protocol: 802.11
Subtype: Authentication
Seq. No.: 48
Src: 02:00:00:00:00:00
Dst: 02:00:00:00:01:00


No.: 88
Time: 1507043007.080052
Protocol: 802.11
Subtype: Action
Dst: 02:00:00:00:00:00


No.: 89
Time: 1507043007.08104
Protocol: 802.11
Subtype: Association Request
Seq. No.: 266
Src: 02:00:00:00:01:00
Dst: 02:00:00:00:00:00


No.: 90
Time: 1507043007.081043
Protocol: 802.11
Subtype: Action
Dst: 02:00:00:00:01:00


No.: 91
Time: 1507043007.081296
Protocol: 802.11
Subtype: Association Response
Seq. No.: 49
Src: 02:00:00:00:00:00
Dst: 02:00:00:00:01:00


No.: 92
Time: 1507043007.081299
Protocol: 802.11
Subtype: Action
Dst: 02:00:00:00:00:00


No.: 93
Time: 1507043007.085054
Protocol: EAPOL
Subtype: Beacon
Nonce: cd674591d5bc4cbf61512e10ce2c95a9719355d819a552e801f0a2b3a6ff2b57
Src: 02:00:00:00:00:00
Dst: 02:00:00:00:01:00


No.: 94
Time: 1507043007.085058
Protocol: 802.11
Subtype: Action
Dst: 02:00:00:00:00:00


No.: 95
Time: 1507043007.085885
Protocol: EAPOL
Subtype: Beacon
Nonce: 7dfdec9afd2d25b3da7889fb3aaad8b8867700188456727837a96d083fc81a4f
Src: 02:00:00:00:01:00
Dst: 02:00:00:00:00:00


No.: 96
Time: 1507043007.085888
Protocol: 802.11
Subtype: Action
Dst: 02:00:00:00:01:00


No.: 97
Time: 1507043007.086081
Protocol: EAPOL
Subtype: Beacon
Seq. No.: 1
Nonce: cd674591d5bc4cbf61512e10ce2c95a9719355d819a552e801f0a2b3a6ff2b57
Src: 02:00:00:00:00:00
Dst: 02:00:00:00:01:00


No.: 98
Time: 1507043007.086084
Protocol: 802.11
Subtype: Action
Dst: 02:00:00:00:00:00


No.: 99
Time: 1507043007.086142
Protocol: EAPOL
Subtype: Beacon
Seq. No.: 2
Nonce: cd674591d5bc4cbf61512e10ce2c95a9719355d819a552e801f0a2b3a6ff2b57
Src: 02:00:00:00:00:00
Dst: 02:00:00:00:01:00


No.: 100
Time: 1507043007.086143
Protocol: 802.11
Subtype: Action
Dst: 02:00:00:00:00:00


No.: 101
Time: 1507043007.086182
Protocol: EAPOL
Subtype: Beacon
Seq. No.: 3
Nonce: cd674591d5bc4cbf61512e10ce2c95a9719355d819a552e801f0a2b3a6ff2b57
Src: 02:00:00:00:00:00
Dst: 02:00:00:00:01:00


No.: 102
Time: 1507043007.086183
Protocol: 802.11
Subtype: Action
Dst: 02:00:00:00:00:00


No.: 103
Time: 1507043007.086423
Protocol: EAPOL
Subtype: Beacon
Seq. No.: 1
Nonce: 0000000000000000000000000000000000000000000000000000000000000000
Src: 02:00:00:00:01:00
Dst: 02:00:00:00:00:00


No.: 104
Time: 1507043007.086426
Protocol: 802.11
Subtype: Action
Dst: 02:00:00:00:01:00


No.: 105
Time: 1507043007.087698
Protocol: 802.11
Subtype: Beacon
Seq. No.: 2
Src: 02:00:00:00:01:00
Dst: 02:00:00:00:00:00


No.: 106
Time: 1507043007.0877
Protocol: 802.11
Subtype: Action
Dst: 02:00:00:00:01:00


No.: 107
Time: 1507043007.087916
Protocol: 802.11
Subtype: Beacon
Seq. No.: 3
Src: 02:00:00:00:01:00
Dst: 02:00:00:00:00:00


No.: 108
Time: 1507043007.087917
Protocol: 802.11
Subtype: Action
Dst: 02:00:00:00:01:00


No.: 109
Time: 1507043007.181038
Protocol: 802.11
Subtype: Beacon
Src: 02:00:00:00:00:00
Dst: ff:ff:ff:ff:ff:ff


No.: 110
Time: 1507043007.283307
Protocol: 802.11
Subtype: Beacon
Src: 02:00:00:00:00:00
Dst: ff:ff:ff:ff:ff:ff


No.: 111
Time: 1507043007.388109
Protocol: 802.11
Subtype: Beacon
Src: 02:00:00:00:00:00
Dst: ff:ff:ff:ff:ff:ff


No.: 112
Time: 1507043007.488424
Protocol: 802.11
Subtype: Beacon
Src: 02:00:00:00:00:00
Dst: ff:ff:ff:ff:ff:ff


No.: 113
Time: 1507043007.590822
Protocol: 802.11
Subtype: Beacon
Src: 02:00:00:00:00:00
Dst: ff:ff:ff:ff:ff:ff


No.: 114
Time: 1507043007.697773
Protocol: 802.11
Subtype: Beacon
Src: 02:00:00:00:00:00
Dst: ff:ff:ff:ff:ff:ff


No.: 115
Time: 1507043007.797996
Protocol: 802.11
Subtype: Beacon
Src: 02:00:00:00:00:00
Dst: ff:ff:ff:ff:ff:ff


No.: 116
Time: 1507043007.897886
Protocol: 802.11
Subtype: Beacon
Src: 02:00:00:00:00:00
Dst: ff:ff:ff:ff:ff:ff


No.: 117
Time: 1507043008.000093
Protocol: 802.11
Subtype: Beacon
Src: 02:00:00:00:00:00
Dst: ff:ff:ff:ff:ff:ff


No.: 118
Time: 1507043008.104733
Protocol: 802.11
Subtype: Beacon
Src: 02:00:00:00:00:00
Dst: ff:ff:ff:ff:ff:ff


No.: 119
Time: 1507043008.208078
Protocol: 802.11
Subtype: Beacon
Src: 02:00:00:00:00:00
Dst: ff:ff:ff:ff:ff:ff


No.: 120
Time: 1507043008.307938
Protocol: 802.11
Subtype: Beacon
Src: 02:00:00:00:00:00
Dst: ff:ff:ff:ff:ff:ff


No.: 121
Time: 1507043008.409942
Protocol: 802.11
Subtype: Beacon
Src: 02:00:00:00:00:00
Dst: ff:ff:ff:ff:ff:ff


No.: 122
Time: 1507043008.512797
Protocol: 802.11
Subtype: Beacon
Src: 02:00:00:00:00:00
Dst: ff:ff:ff:ff:ff:ff


No.: 123
Time: 1507043008.618027
Protocol: 802.11
Subtype: Beacon
Src: 02:00:00:00:00:00
Dst: ff:ff:ff:ff:ff:ff


No.: 124
Time: 1507043008.716966
Protocol: 802.11
Subtype: Beacon
Src: 02:00:00:00:00:00
Dst: ff:ff:ff:ff:ff:ff


No.: 125
Time: 1507043008.819287
Protocol: 802.11
Subtype: Beacon
Src: 02:00:00:00:00:00
Dst: ff:ff:ff:ff:ff:ff


No.: 126
Time: 1507043008.921681
Protocol: 802.11
Subtype: Beacon
Src: 02:00:00:00:00:00
Dst: ff:ff:ff:ff:ff:ff


No.: 127
Time: 1507043009.026507
Protocol: 802.11
Subtype: Beacon
Src: 02:00:00:00:00:00
Dst: ff:ff:ff:ff:ff:ff


No.: 128
Time: 1507043009.12676
Protocol: 802.11
Subtype: Beacon
Src: 02:00:00:00:00:00
Dst: ff:ff:ff:ff:ff:ff


No.: 129
Time: 1507043009.22915
Protocol: 802.11
Subtype: Beacon
Src: 02:00:00:00:00:00
Dst: ff:ff:ff:ff:ff:ff


No.: 130
Time: 1507043009.331487
Protocol: 802.11
Subtype: Beacon
Src: 02:00:00:00:00:00
Dst: ff:ff:ff:ff:ff:ff


No.: 131
Time: 1507043009.43385
Protocol: 802.11
Subtype: Beacon
Src: 02:00:00:00:00:00
Dst: ff:ff:ff:ff:ff:ff


No.: 132
Time: 1507043009.536255
Protocol: 802.11
Subtype: Beacon
Src: 02:00:00:00:00:00
Dst: ff:ff:ff:ff:ff:ff


No.: 133
Time: 1507043009.638621
Protocol: 802.11
Subtype: Beacon
Src: 02:00:00:00:00:00
Dst: ff:ff:ff:ff:ff:ff


No.: 134
Time: 1507043009.741008
Protocol: 802.11
Subtype: Beacon
Src: 02:00:00:00:00:00
Dst: ff:ff:ff:ff:ff:ff


No.: 135
Time: 1507043009.843383
Protocol: 802.11
Subtype: Beacon
Src: 02:00:00:00:00:00
Dst: ff:ff:ff:ff:ff:ff


No.: 136
Time: 1507043009.945857
Protocol: 802.11
Subtype: Beacon
Src: 02:00:00:00:00:00
Dst: ff:ff:ff:ff:ff:ff


No.: 137
Time: 1507043010.048185
Protocol: 802.11
Subtype: Beacon
Src: 02:00:00:00:00:00
Dst: ff:ff:ff:ff:ff:ff


No.: 138
Time: 1507043010.150608
Protocol: 802.11
Subtype: Beacon
Src: 02:00:00:00:00:00
Dst: ff:ff:ff:ff:ff:ff


No.: 139
Time: 1507043010.253047
Protocol: 802.11
Subtype: Beacon
Src: 02:00:00:00:00:00
Dst: ff:ff:ff:ff:ff:ff


No.: 140
Time: 1507043010.355459
Protocol: 802.11
Subtype: Beacon
Src: 02:00:00:00:00:00
Dst: ff:ff:ff:ff:ff:ff


No.: 141
Time: 1507043010.458025
Protocol: 802.11
Subtype: Beacon
Src: 02:00:00:00:00:00
Dst: ff:ff:ff:ff:ff:ff


No.: 142
Time: 1507043010.560222
Protocol: 802.11
Subtype: Beacon
Src: 02:00:00:00:00:00
Dst: ff:ff:ff:ff:ff:ff


No.: 143
Time: 1507043010.662799
Protocol: 802.11
Subtype: Beacon
Src: 02:00:00:00:00:00
Dst: ff:ff:ff:ff:ff:ff


No.: 144
Time: 1507043010.765065
Protocol: 802.11
Subtype: Beacon
Src: 02:00:00:00:00:00
Dst: ff:ff:ff:ff:ff:ff


No.: 145
Time: 1507043010.867361
Protocol: 802.11
Subtype: Beacon
Src: 02:00:00:00:00:00
Dst: ff:ff:ff:ff:ff:ff


No.: 146
Time: 1507043010.969856
Protocol: 802.11
Subtype: Beacon
Src: 02:00:00:00:00:00
Dst: ff:ff:ff:ff:ff:ff


No.: 147
Time: 1507043011.072212
Protocol: 802.11
Subtype: Beacon
Src: 02:00:00:00:00:00
Dst: ff:ff:ff:ff:ff:ff


No.: 148
Time: 1507043011.174559
Protocol: 802.11
Subtype: Beacon
Src: 02:00:00:00:00:00
Dst: ff:ff:ff:ff:ff:ff


No.: 149
Time: 1507043011.276897
Protocol: 802.11
Subtype: Beacon
Src: 02:00:00:00:00:00
Dst: ff:ff:ff:ff:ff:ff


No.: 150
Time: 1507043011.379377
Protocol: 802.11
Subtype: Beacon
Src: 02:00:00:00:00:00
Dst: ff:ff:ff:ff:ff:ff


No.: 151
Time: 1507043011.481853
Protocol: 802.11
Subtype: Beacon
Src: 02:00:00:00:00:00
Dst: ff:ff:ff:ff:ff:ff


No.: 152
Time: 1507043011.584254
Protocol: 802.11
Subtype: Beacon
Src: 02:00:00:00:00:00
Dst: ff:ff:ff:ff:ff:ff


No.: 153
Time: 1507043011.686651
Protocol: 802.11
Subtype: Beacon
Src: 02:00:00:00:00:00
Dst: ff:ff:ff:ff:ff:ff


No.: 154
Time: 1507043011.789201
Protocol: 802.11
Subtype: Beacon
Src: 02:00:00:00:00:00
Dst: ff:ff:ff:ff:ff:ff


No.: 155
Time: 1507043011.891457
Protocol: 802.11
Subtype: Beacon
Src: 02:00:00:00:00:00
Dst: ff:ff:ff:ff:ff:ff


No.: 156
Time: 1507043011.994166
Protocol: 802.11
Subtype: Beacon
Src: 02:00:00:00:00:00
Dst: ff:ff:ff:ff:ff:ff


No.: 157
Time: 1507043012.096067
Protocol: 802.11
Subtype: Beacon
Src: 02:00:00:00:00:00
Dst: ff:ff:ff:ff:ff:ff


No.: 158
Time: 1507043012.19854
Protocol: 802.11
Subtype: Beacon
Src: 02:00:00:00:00:00
Dst: ff:ff:ff:ff:ff:ff


No.: 159
Time: 1507043012.300858
Protocol: 802.11
Subtype: Beacon
Src: 02:00:00:00:00:00
Dst: ff:ff:ff:ff:ff:ff


No.: 160
Time: 1507043012.403618
Protocol: 802.11
Subtype: Beacon
Src: 02:00:00:00:00:00
Dst: ff:ff:ff:ff:ff:ff


No.: 161
Time: 1507043012.506007
Protocol: 802.11
Subtype: Beacon
Src: 02:00:00:00:00:00
Dst: ff:ff:ff:ff:ff:ff


No.: 162
Time: 1507043012.608276
Protocol: 802.11
Subtype: Beacon
Src: 02:00:00:00:00:00
Dst: ff:ff:ff:ff:ff:ff


No.: 163
Time: 1507043012.711083
Protocol: 802.11
Subtype: Beacon
Src: 02:00:00:00:00:00
Dst: ff:ff:ff:ff:ff:ff


No.: 164
Time: 1507043012.81302
Protocol: 802.11
Subtype: Beacon
Src: 02:00:00:00:00:00
Dst: ff:ff:ff:ff:ff:ff


No.: 165
Time: 1507043012.915328
Protocol: 802.11
Subtype: Beacon
Src: 02:00:00:00:00:00
Dst: ff:ff:ff:ff:ff:ff


No.: 166
Time: 1507043013.0181
Protocol: 802.11
Subtype: Beacon
Src: 02:00:00:00:00:00
Dst: ff:ff:ff:ff:ff:ff


No.: 167
Time: 1507043013.12011
Protocol: 802.11
Subtype: Beacon
Src: 02:00:00:00:00:00
Dst: ff:ff:ff:ff:ff:ff


No.: 168
Time: 1507043013.222565
Protocol: 802.11
Subtype: Beacon
Src: 02:00:00:00:00:00
Dst: ff:ff:ff:ff:ff:ff


No.: 169
Time: 1507043013.325249
Protocol: 802.11
Subtype: Beacon
Src: 02:00:00:00:00:00
Dst: ff:ff:ff:ff:ff:ff


No.: 170
Time: 1507043013.427446
Protocol: 802.11
Subtype: Beacon
Src: 02:00:00:00:00:00
Dst: ff:ff:ff:ff:ff:ff


No.: 171
Time: 1507043013.529792
Protocol: 802.11
Subtype: Beacon
Src: 02:00:00:00:00:00
Dst: ff:ff:ff:ff:ff:ff


No.: 172
Time: 1507043013.632539
Protocol: 802.11
Subtype: Beacon
Src: 02:00:00:00:00:00
Dst: ff:ff:ff:ff:ff:ff


No.: 173
Time: 1507043013.734631
Protocol: 802.11
Subtype: Beacon
Src: 02:00:00:00:00:00
Dst: ff:ff:ff:ff:ff:ff


No.: 174
Time: 1507043013.836989
Protocol: 802.11
Subtype: Beacon
Src: 02:00:00:00:00:00
Dst: ff:ff:ff:ff:ff:ff


No.: 175
Time: 1507043013.939379
Protocol: 802.11
Subtype: Beacon
Src: 02:00:00:00:00:00
Dst: ff:ff:ff:ff:ff:ff


No.: 176
Time: 1507043014.041815
Protocol: 802.11
Subtype: Beacon
Src: 02:00:00:00:00:00
Dst: ff:ff:ff:ff:ff:ff


No.: 177
Time: 1507043014.14425
Protocol: 802.11
Subtype: Beacon
Src: 02:00:00:00:00:00
Dst: ff:ff:ff:ff:ff:ff


No.: 178
Time: 1507043014.246601
Protocol: 802.11
Subtype: Beacon
Src: 02:00:00:00:00:00
Dst: ff:ff:ff:ff:ff:ff


No.: 179
Time: 1507043014.348966
Protocol: 802.11
Subtype: Beacon
Src: 02:00:00:00:00:00
Dst: ff:ff:ff:ff:ff:ff


No.: 180
Time: 1507043014.451407
Protocol: 802.11
Subtype: Beacon
Src: 02:00:00:00:00:00
Dst: ff:ff:ff:ff:ff:ff


No.: 181
Time: 1507043014.554249
Protocol: 802.11
Subtype: Beacon
Src: 02:00:00:00:00:00
Dst: ff:ff:ff:ff:ff:ff


No.: 182
Time: 1507043014.656137
Protocol: 802.11
Subtype: Beacon
Src: 02:00:00:00:00:00
Dst: ff:ff:ff:ff:ff:ff


No.: 183
Time: 1507043014.758574
Protocol: 802.11
Subtype: Beacon
Src: 02:00:00:00:00:00
Dst: ff:ff:ff:ff:ff:ff


No.: 184
Time: 1507043014.860855
Protocol: 802.11
Subtype: Beacon
Src: 02:00:00:00:00:00
Dst: ff:ff:ff:ff:ff:ff


No.: 185
Time: 1507043014.963648
Protocol: 802.11
Subtype: Beacon
Src: 02:00:00:00:00:00
Dst: ff:ff:ff:ff:ff:ff


No.: 186
Time: 1507043015.066823
Protocol: 802.11
Subtype: Beacon
Src: 02:00:00:00:00:00
Dst: ff:ff:ff:ff:ff:ff


No.: 187
Time: 1507043015.16819
Protocol: 802.11
Subtype: Beacon
Src: 02:00:00:00:00:00
Dst: ff:ff:ff:ff:ff:ff


No.: 188
Time: 1507043015.270786
Protocol: 802.11
Subtype: Beacon
Src: 02:00:00:00:00:00
Dst: ff:ff:ff:ff:ff:ff


No.: 189
Time: 1507043015.376714
Protocol: 802.11
Subtype: Beacon
Src: 02:00:00:00:00:00
Dst: ff:ff:ff:ff:ff:ff


No.: 190
Time: 1507043015.475618
Protocol: 802.11
Subtype: Beacon
Src: 02:00:00:00:00:00
Dst: ff:ff:ff:ff:ff:ff


No.: 191
Time: 1507043015.577869
Protocol: 802.11
Subtype: Beacon
Src: 02:00:00:00:00:00
Dst: ff:ff:ff:ff:ff:ff


No.: 192
Time: 1507043015.681685
Protocol: 802.11
Subtype: Beacon
Src: 02:00:00:00:00:00
Dst: ff:ff:ff:ff:ff:ff


No.: 193
Time: 1507043015.783098
Protocol: 802.11
Subtype: Beacon
Src: 02:00:00:00:00:00
Dst: ff:ff:ff:ff:ff:ff


No.: 194
Time: 1507043015.886546
Protocol: 802.11
Subtype: Beacon
Src: 02:00:00:00:00:00
Dst: ff:ff:ff:ff:ff:ff


No.: 195
Time: 1507043015.891661
Protocol: 802.11
Subtype: Beacon
Seq. No.: 4
Src: 02:00:00:00:00:00
Dst: 02:00:00:00:01:00


No.: 196
Time: 1507043015.891673
Protocol: 802.11
Subtype: Action
Dst: 02:00:00:00:00:00


No.: 197
Time: 1507043015.988154
Protocol: 802.11
Subtype: Beacon
Src: 02:00:00:00:00:00
Dst: ff:ff:ff:ff:ff:ff


No.: 198
Time: 1507043016.092089
Protocol: 802.11
Subtype: Beacon
Src: 02:00:00:00:00:00
Dst: ff:ff:ff:ff:ff:ff


No.: 199
Time: 1507043016.192206
Protocol: 802.11
Subtype: Beacon
Src: 02:00:00:00:00:00
Dst: ff:ff:ff:ff:ff:ff


No.: 200
Time: 1507043016.297649
Protocol: 802.11
Subtype: Beacon
Src: 02:00:00:00:00:00
Dst: ff:ff:ff:ff:ff:ff


No.: 201
Time: 1507043016.392514
Protocol: 802.11
Subtype: Beacon
Seq. No.: 5
Src: 02:00:00:00:00:00
Dst: 02:00:00:00:01:00


No.: 202
Time: 1507043016.392519
Protocol: 802.11
Subtype: Action
Dst: 02:00:00:00:00:00


No.: 203
Time: 1507043016.396973
Protocol: 802.11
Subtype: Beacon
Src: 02:00:00:00:00:00
Dst: ff:ff:ff:ff:ff:ff


No.: 204
Time: 1507043016.500109
Protocol: 802.11
Subtype: Beacon
Src: 02:00:00:00:00:00
Dst: ff:ff:ff:ff:ff:ff


No.: 205
Time: 1507043016.606032
Protocol: 802.11
Subtype: Beacon
Src: 02:00:00:00:00:00
Dst: ff:ff:ff:ff:ff:ff


No.: 206
Time: 1507043016.704229
Protocol: 802.11
Subtype: Beacon
Src: 02:00:00:00:00:00
Dst: ff:ff:ff:ff:ff:ff


No.: 207
Time: 1507043016.807406
Protocol: 802.11
Subtype: Beacon
Src: 02:00:00:00:00:00
Dst: ff:ff:ff:ff:ff:ff


No.: 208
Time: 1507043016.909721
Protocol: 802.11
Subtype: Beacon
Src: 02:00:00:00:00:00
Dst: ff:ff:ff:ff:ff:ff


No.: 209
Time: 1507043017.01138
Protocol: 802.11
Subtype: Beacon
Src: 02:00:00:00:00:00
Dst: ff:ff:ff:ff:ff:ff


No.: 210
Time: 1507043017.113935
Protocol: 802.11
Subtype: Beacon
Src: 02:00:00:00:00:00
Dst: ff:ff:ff:ff:ff:ff


No.: 211
Time: 1507043017.216169
Protocol: 802.11
Subtype: Beacon
Src: 02:00:00:00:00:00
Dst: ff:ff:ff:ff:ff:ff


No.: 212
Time: 1507043017.318722
Protocol: 802.11
Subtype: Beacon
Src: 02:00:00:00:00:00
Dst: ff:ff:ff:ff:ff:ff


No.: 213
Time: 1507043017.396368
Protocol: 802.11
Subtype: Beacon
Seq. No.: 6
Src: 02:00:00:00:00:00
Dst: 02:00:00:00:01:00


No.: 214
Time: 1507043017.396374
Protocol: 802.11
Subtype: Action
Dst: 02:00:00:00:00:00


No.: 215
Time: 1507043017.421778
Protocol: 802.11
Subtype: Beacon
Src: 02:00:00:00:00:00
Dst: ff:ff:ff:ff:ff:ff


No.: 216
Time: 1507043017.523441
Protocol: 802.11
Subtype: Beacon
Src: 02:00:00:00:00:00
Dst: ff:ff:ff:ff:ff:ff


No.: 217
Time: 1507043017.625849
Protocol: 802.11
Subtype: Beacon
Src: 02:00:00:00:00:00
Dst: ff:ff:ff:ff:ff:ff


No.: 218
Time: 1507043017.728253
Protocol: 802.11
Subtype: Beacon
Src: 02:00:00:00:00:00
Dst: ff:ff:ff:ff:ff:ff


No.: 219
Time: 1507043017.83344
Protocol: 802.11
Subtype: Beacon
Src: 02:00:00:00:00:00
Dst: ff:ff:ff:ff:ff:ff


No.: 220
Time: 1507043017.934668
Protocol: 802.11
Subtype: Beacon
Src: 02:00:00:00:00:00
Dst: ff:ff:ff:ff:ff:ff


No.: 221
Time: 1507043018.035862
Protocol: 802.11
Subtype: Beacon
Src: 02:00:00:00:00:00
Dst: ff:ff:ff:ff:ff:ff


No.: 222
Time: 1507043018.137899
Protocol: 802.11
Subtype: Beacon
Src: 02:00:00:00:00:00
Dst: ff:ff:ff:ff:ff:ff


No.: 223
Time: 1507043018.244305
Protocol: 802.11
Subtype: Beacon
Src: 02:00:00:00:00:00
Dst: ff:ff:ff:ff:ff:ff


No.: 224
Time: 1507043018.342914
Protocol: 802.11
Subtype: Beacon
Src: 02:00:00:00:00:00
Dst: ff:ff:ff:ff:ff:ff


No.: 225
Time: 1507043018.397107
Protocol: 802.11
Subtype: Beacon
Seq. No.: 7
Src: 02:00:00:00:00:00
Dst: 02:00:00:00:01:00


No.: 226
Time: 1507043018.397112
Protocol: 802.11
Subtype: Action
Dst: 02:00:00:00:00:00


No.: 227
Time: 1507043018.445008
Protocol: 802.11
Subtype: Beacon
Src: 02:00:00:00:00:00
Dst: ff:ff:ff:ff:ff:ff


No.: 228
Time: 1507043018.547583
Protocol: 802.11
Subtype: Beacon
Src: 02:00:00:00:00:00
Dst: ff:ff:ff:ff:ff:ff


No.: 229
Time: 1507043018.649843
Protocol: 802.11
Subtype: Beacon
Src: 02:00:00:00:00:00
Dst: ff:ff:ff:ff:ff:ff


No.: 230
Time: 1507043018.754306
Protocol: 802.11
Subtype: Beacon
Src: 02:00:00:00:00:00
Dst: ff:ff:ff:ff:ff:ff


No.: 231
Time: 1507043018.855767
Protocol: 802.11
Subtype: Beacon
Src: 02:00:00:00:00:00
Dst: ff:ff:ff:ff:ff:ff


No.: 232
Time: 1507043018.956897
Protocol: 802.11
Subtype: Beacon
Src: 02:00:00:00:00:00
Dst: ff:ff:ff:ff:ff:ff


No.: 233
Time: 1507043019.059368
Protocol: 802.11
Subtype: Beacon
Src: 02:00:00:00:00:00
Dst: ff:ff:ff:ff:ff:ff


No.: 234
Time: 1507043019.161824
Protocol: 802.11
Subtype: Beacon
Src: 02:00:00:00:00:00
Dst: ff:ff:ff:ff:ff:ff


No.: 235
Time: 1507043019.265452
Protocol: 802.11
Subtype: Beacon
Src: 02:00:00:00:00:00
Dst: ff:ff:ff:ff:ff:ff


No.: 236
Time: 1507043019.367151
Protocol: 802.11
Subtype: Beacon
Src: 02:00:00:00:00:00
Dst: ff:ff:ff:ff:ff:ff


No.: 237
Time: 1507043019.398505
Protocol: 802.11
Subtype: Deauthentication
Seq. No.: 50
Src: 02:00:00:00:00:00
Dst: 02:00:00:00:01:00


No.: 238
Time: 1507043019.398507
Protocol: 802.11
Subtype: Action
Dst: 02:00:00:00:00:00


No.: 239
Time: 1507043019.468968
Protocol: 802.11
Subtype: Beacon
Src: 02:00:00:00:00:00
Dst: ff:ff:ff:ff:ff:ff


No.: 240
Time: 1507043019.548781
Protocol: 802.11
Subtype: Probe Request
Seq. No.: 267
Src: 02:00:00:00:01:00
Dst: ff:ff:ff:ff:ff:ff


No.: 241
Time: 1507043019.548827
Protocol: 802.11
Subtype: Probe Request
Seq. No.: 268
Src: 02:00:00:00:01:00
Dst: ff:ff:ff:ff:ff:ff


No.: 242
Time: 1507043019.548934
Protocol: 802.11
Subtype: Probe Response
Seq. No.: 51
Src: 02:00:00:00:00:00
Dst: 02:00:00:00:01:00


No.: 243
Time: 1507043019.548937
Protocol: 802.11
Subtype: Action
Dst: 02:00:00:00:00:00


No.: 244
Time: 1507043019.549031
Protocol: 802.11
Subtype: Probe Response
Seq. No.: 52
Src: 02:00:00:00:00:00
Dst: 02:00:00:00:01:00


No.: 245
Time: 1507043019.549032
Protocol: 802.11
Subtype: Action
Dst: 02:00:00:00:00:00


No.: 246
Time: 1507043019.57138
Protocol: 802.11
Subtype: Beacon
Src: 02:00:00:00:00:00
Dst: ff:ff:ff:ff:ff:ff


No.: 247
Time: 1507043019.604609
Protocol: 802.11
Subtype: Probe Request
Seq. No.: 269
Src: 02:00:00:00:01:00
Dst: ff:ff:ff:ff:ff:ff


No.: 248
Time: 1507043019.604624
Protocol: 802.11
Subtype: Probe Request
Seq. No.: 270
Src: 02:00:00:00:01:00
Dst: ff:ff:ff:ff:ff:ff


No.: 249
Time: 1507043019.660624
Protocol: 802.11
Subtype: Probe Request
Seq. No.: 271
Src: 02:00:00:00:01:00
Dst: ff:ff:ff:ff:ff:ff


No.: 250
Time: 1507043019.660642
Protocol: 802.11
Subtype: Probe Request
Seq. No.: 272
Src: 02:00:00:00:01:00
Dst: ff:ff:ff:ff:ff:ff


No.: 251
Time: 1507043019.673635
Protocol: 802.11
Subtype: Beacon
Src: 02:00:00:00:00:00
Dst: ff:ff:ff:ff:ff:ff


No.: 252
Time: 1507043019.71674
Protocol: 802.11
Subtype: Probe Request
Seq. No.: 273
Src: 02:00:00:00:01:00
Dst: ff:ff:ff:ff:ff:ff


No.: 253
Time: 1507043019.716759
Protocol: 802.11
Subtype: Probe Request
Seq. No.: 274
Src: 02:00:00:00:01:00
Dst: ff:ff:ff:ff:ff:ff


No.: 254
Time: 1507043019.772651
Protocol: 802.11
Subtype: Probe Request
Seq. No.: 275
Src: 02:00:00:00:01:00
Dst: ff:ff:ff:ff:ff:ff


No.: 255
Time: 1507043019.772671
Protocol: 802.11
Subtype: Probe Request
Seq. No.: 276
Src: 02:00:00:00:01:00
Dst: ff:ff:ff:ff:ff:ff


No.: 256
Time: 1507043019.776617
Protocol: 802.11
Subtype: Beacon
Src: 02:00:00:00:00:00
Dst: ff:ff:ff:ff:ff:ff


No.: 257
Time: 1507043019.828693
Protocol: 802.11
Subtype: Probe Request
Seq. No.: 277
Src: 02:00:00:00:01:00
Dst: ff:ff:ff:ff:ff:ff


No.: 258
Time: 1507043019.828706
Protocol: 802.11
Subtype: Probe Request
Seq. No.: 278
Src: 02:00:00:00:01:00
Dst: ff:ff:ff:ff:ff:ff


No.: 259
Time: 1507043019.878551
Protocol: 802.11
Subtype: Beacon
Src: 02:00:00:00:00:00
Dst: ff:ff:ff:ff:ff:ff


No.: 260
Time: 1507043019.884632
Protocol: 802.11
Subtype: Probe Request
Seq. No.: 279
Src: 02:00:00:00:01:00
Dst: ff:ff:ff:ff:ff:ff


No.: 261
Time: 1507043019.884643
Protocol: 802.11
Subtype: Probe Request
Seq. No.: 280
Src: 02:00:00:00:01:00
Dst: ff:ff:ff:ff:ff:ff


No.: 262
Time: 1507043019.940628
Protocol: 802.11
Subtype: Probe Request
Seq. No.: 281
Src: 02:00:00:00:01:00
Dst: ff:ff:ff:ff:ff:ff


No.: 263
Time: 1507043019.940649
Protocol: 802.11
Subtype: Probe Request
Seq. No.: 282
Src: 02:00:00:00:01:00
Dst: ff:ff:ff:ff:ff:ff


No.: 264
Time: 1507043019.980924
Protocol: 802.11
Subtype: Beacon
Src: 02:00:00:00:00:00
Dst: ff:ff:ff:ff:ff:ff


No.: 265
Time: 1507043019.996684
Protocol: 802.11
Subtype: Probe Request
Seq. No.: 283
Src: 02:00:00:00:01:00
Dst: ff:ff:ff:ff:ff:ff


No.: 266
Time: 1507043019.996705
Protocol: 802.11
Subtype: Probe Request
Seq. No.: 284
Src: 02:00:00:00:01:00
Dst: ff:ff:ff:ff:ff:ff


No.: 267
Time: 1507043020.052819
Protocol: 802.11
Subtype: Probe Request
Seq. No.: 285
Src: 02:00:00:00:01:00
Dst: ff:ff:ff:ff:ff:ff


No.: 268
Time: 1507043020.052842
Protocol: 802.11
Subtype: Probe Request
Seq. No.: 286
Src: 02:00:00:00:01:00
Dst: ff:ff:ff:ff:ff:ff


No.: 269
Time: 1507043020.083886
Protocol: 802.11
Subtype: Beacon
Src: 02:00:00:00:00:00
Dst: ff:ff:ff:ff:ff:ff


No.: 270
Time: 1507043020.109224
Protocol: 802.11
Subtype: Probe Request
Seq. No.: 287
Src: 02:00:00:00:01:00
Dst: ff:ff:ff:ff:ff:ff


No.: 271
Time: 1507043020.109234
Protocol: 802.11
Subtype: Probe Request
Seq. No.: 288
Src: 02:00:00:00:01:00
Dst: ff:ff:ff:ff:ff:ff


No.: 272
Time: 1507043020.185765
Protocol: 802.11
Subtype: Beacon
Src: 02:00:00:00:00:00
Dst: ff:ff:ff:ff:ff:ff


No.: 273
Time: 1507043020.288608
Protocol: 802.11
Subtype: Beacon
Src: 02:00:00:00:00:00
Dst: ff:ff:ff:ff:ff:ff


No.: 274
Time: 1507043020.392808
Protocol: 802.11
Subtype: Beacon
Src: 02:00:00:00:00:00
Dst: ff:ff:ff:ff:ff:ff


No.: 275
Time: 1507043020.494721
Protocol: 802.11
Subtype: Beacon
Src: 02:00:00:00:00:00
Dst: ff:ff:ff:ff:ff:ff


No.: 276
Time: 1507043020.595716
Protocol: 802.11
Subtype: Beacon
Src: 02:00:00:00:00:00
Dst: ff:ff:ff:ff:ff:ff


No.: 277
Time: 1507043020.699373
Protocol: 802.11
Subtype: Beacon
Src: 02:00:00:00:00:00
Dst: ff:ff:ff:ff:ff:ff


No.: 278
Time: 1507043020.801538
Protocol: 802.11
Subtype: Beacon
Src: 02:00:00:00:00:00
Dst: ff:ff:ff:ff:ff:ff


No.: 279
Time: 1507043020.902806
Protocol: 802.11
Subtype: Beacon
Src: 02:00:00:00:00:00
Dst: ff:ff:ff:ff:ff:ff


No.: 280
Time: 1507043021.006087
Protocol: 802.11
Subtype: Beacon
Src: 02:00:00:00:00:00
Dst: ff:ff:ff:ff:ff:ff


No.: 281
Time: 1507043021.107885
Protocol: 802.11
Subtype: Beacon
Src: 02:00:00:00:00:00
Dst: ff:ff:ff:ff:ff:ff


No.: 282
Time: 1507043021.209808
Protocol: 802.11
Subtype: Beacon
Src: 02:00:00:00:00:00
Dst: ff:ff:ff:ff:ff:ff


No.: 283
Time: 1507043021.312284
Protocol: 802.11
Subtype: Beacon
Src: 02:00:00:00:00:00
Dst: ff:ff:ff:ff:ff:ff


No.: 284
Time: 1507043021.414592
Protocol: 802.11
Subtype: Beacon
Src: 02:00:00:00:00:00
Dst: ff:ff:ff:ff:ff:ff


No.: 285
Time: 1507043021.517076
Protocol: 802.11
Subtype: Beacon
Src: 02:00:00:00:00:00
Dst: ff:ff:ff:ff:ff:ff


